app/build/intermediates/manifest_merge_blame_file/debug/processDebugMainManifest/manifest-merger-blame-debug-report.txt
1<?xml version="1.0" encoding="utf-8"?>
2<manifest xmlns:android="http://schemas.android.com/apk/res/android"
3    package="de.badaboomi.gamesheetmanager"
4    android:versionCode="9"
5    android:versionName="1.7.2" >
6
7    <uses-sdk
7-->INJECTED
8        android:minSdkVersion="26"
8-->INJECTED
9        android:targetSdkVersion="34" />
9-->INJECTED
10
11    <uses-permission android:name="android.permission.CAMERA" />
11-->src\main\AndroidManifest.xml:4:5-65
11-->src\main\AndroidManifest.xml:4:22-62
12    <uses-permission
12-->src\main\AndroidManifest.xml:5:5-6:38
13        android:name="android.permission.READ_EXTERNAL_STORAGE"
13-->src\main\AndroidManifest.xml:5:22-77
14        android:maxSdkVersion="32" />
14-->src\main\AndroidManifest.xml:6:9-35
15    <uses-permission android:name="android.permission.READ_MEDIA_IMAGES" />
15-->src\main\AndroidManifest.xml:7:5-76
15-->src\main\AndroidManifest.xml:7:22-73
16    <uses-permission
16-->src\main\AndroidManifest.xml:8:5-9:38
17        android:name="android.permission.WRITE_EXTERNAL_STORAGE"
17-->src\main\AndroidManifest.xml:8:22-78
18        android:maxSdkVersion="28" />
18-->src\main\AndroidManifest.xml:9:9-35
19
20    <!-- Bluetooth permissions for API <= 30 -->
21    <uses-permission
21-->src\main\AndroidManifest.xml:12:5-13:38
22        android:name="android.permission.BLUETOOTH"
22-->src\main\AndroidManifest.xml:12:22-65
23        android:maxSdkVersion="30" />
23-->src\main\AndroidManifest.xml:13:9-35
24    <uses-permission
24-->src\main\AndroidManifest.xml:14:5-15:38
25        android:name="android.permission.BLUETOOTH_ADMIN"
25-->src\main\AndroidManifest.xml:14:22-71
26        android:maxSdkVersion="30" />
26-->src\main\AndroidManifest.xml:15:9-35
27    <!-- Bluetooth permissions for API >= 31 -->
28    <uses-permission android:name="android.permission.BLUETOOTH_CONNECT" />
28-->src\main\AndroidManifest.xml:17:5-76
28-->src\main\AndroidManifest.xml:17:22-73
29    <uses-permission
29-->src\main\AndroidManifest.xml:18:5-19:58
30        android:name="android.permission.BLUETOOTH_SCAN"
30-->src\main\AndroidManifest.xml:18:22-70
31        android:usesPermissionFlags="neverForLocation" />
31-->src\main\AndroidManifest.xml:19:9-55
32    <uses-permission android:name="android.permission.FOREGROUND_SERVICE" />
32-->src\main\AndroidManifest.xml:20:5-77
32-->src\main\AndroidManifest.xml:20:22-74
33    <uses-permission android:name="android.permission.FOREGROUND_SERVICE_CONNECTED_DEVICE" />
33-->src\main\AndroidManifest.xml:21:5-94
33-->src\main\AndroidManifest.xml:21:22-91
34
35    <uses-feature
35-->src\main\AndroidManifest.xml:23:5-88
36        android:name="android.hardware.bluetooth"
36-->src\main\AndroidManifest.xml:23:19-60
37        android:required="false" />
37-->src\main\AndroidManifest.xml:23:61-85
38    <uses-feature
38-->src\main\AndroidManifest.xml:25:5-27:36
39        android:name="android.hardware.camera"
39-->src\main\AndroidManifest.xml:26:9-47
40        android:required="false" />
40-->src\main\AndroidManifest.xml:27:9-33
41
42    <permission
42-->[androidx.core:core:1.12.0] AndroidManifest.xml:22:5-24:47
43        android:name="de.badaboomi.gamesheetmanager.DYNAMIC_RECEIVER_NOT_EXPORTED_PERMISSION"
43-->[androidx.core:core:1.12.0] AndroidManifest.xml:23:9-81
44        android:protectionLevel="signature" />
44-->[androidx.core:core:1.12.0] AndroidManifest.xml:24:9-44
45
46    <uses-permission android:name="de.badaboomi.gamesheetmanager.DYNAMIC_RECEIVER_NOT_EXPORTED_PERMISSION" />
46-->[androidx.core:core:1.12.0] AndroidManifest.xml:26:5-97
46-->[androidx.core:core:1.12.0] AndroidManifest.xml:26:22-94
47
48    <application
48-->src\main\AndroidManifest.xml:29:5-93:19
49        android:allowBackup="true"
49-->src\main\AndroidManifest.xml:30:9-35
50        android:appComponentFactory="androidx.core.app.CoreComponentFactory"
50-->[androidx.core:core:1.12.0] AndroidManifest.xml:28:18-86
51        android:debuggable="true"
52        android:extractNativeLibs="false"
52-->INJECTED
53        android:icon="@mipmap/ic_launcher"
53-->src\main\AndroidManifest.xml:31:9-43
54        android:label="@string/app_name"
54-->src\main\AndroidManifest.xml:32:9-41
55        android:roundIcon="@mipmap/ic_launcher_round"
55-->src\main\AndroidManifest.xml:33:9-54
56        android:supportsRtl="true"
56-->src\main\AndroidManifest.xml:34:9-35
57        android:theme="@style/Theme.GameSheetManager" >
57-->src\main\AndroidManifest.xml:35:9-54
58        <activity
58-->src\main\AndroidManifest.xml:37:9-44:20
59            android:name="de.badaboomi.gamesheetmanager.MainActivity"
59-->src\main\AndroidManifest.xml:38:13-41
60            android:exported="true" >
60-->src\main\AndroidManifest.xml:39:13-36
61            <intent-filter>
61-->src\main\AndroidManifest.xml:40:13-43:29
62                <action android:name="android.intent.action.MAIN" />
62-->src\main\AndroidManifest.xml:41:17-69
62-->src\main\AndroidManifest.xml:41:25-66
63
64                <category android:name="android.intent.category.LAUNCHER" />
64-->src\main\AndroidManifest.xml:42:17-77
64-->src\main\AndroidManifest.xml:42:27-74
65            </intent-filter>
66        </activity>
67        <activity
67-->src\main\AndroidManifest.xml:46:9-49:55
68            android:name="de.badaboomi.gamesheetmanager.ui.templates.TemplateListActivity"
68-->src\main\AndroidManifest.xml:47:13-62
69            android:exported="false"
69-->src\main\AndroidManifest.xml:48:13-37
70            android:label="@string/title_templates" />
70-->src\main\AndroidManifest.xml:49:13-52
71        <activity
71-->src\main\AndroidManifest.xml:51:9-54:62
72            android:name="de.badaboomi.gamesheetmanager.bluetooth.BluetoothDeviceListActivity"
72-->src\main\AndroidManifest.xml:52:13-66
73            android:exported="false"
73-->src\main\AndroidManifest.xml:53:13-37
74            android:label="@string/title_bt_device_picker" />
74-->src\main\AndroidManifest.xml:54:13-59
75
76        <service
76-->src\main\AndroidManifest.xml:56:9-59:63
77            android:name="de.badaboomi.gamesheetmanager.bluetooth.TemplateReceiveService"
77-->src\main\AndroidManifest.xml:57:13-61
78            android:exported="false"
78-->src\main\AndroidManifest.xml:58:13-37
79            android:foregroundServiceType="connectedDevice" />
79-->src\main\AndroidManifest.xml:59:13-60
80
81        <activity
81-->src\main\AndroidManifest.xml:61:9-64:56
82            android:name="de.badaboomi.gamesheetmanager.ui.game.GameSheetActivity"
82-->src\main\AndroidManifest.xml:62:13-54
83            android:exported="false"
83-->src\main\AndroidManifest.xml:63:13-37
84            android:label="@string/title_game_sheet" />
84-->src\main\AndroidManifest.xml:64:13-53
85        <activity
85-->src\main\AndroidManifest.xml:66:9-69:58
86            android:name="de.badaboomi.gamesheetmanager.ui.halloffame.HallOfFameActivity"
86-->src\main\AndroidManifest.xml:67:13-61
87            android:exported="false"
87-->src\main\AndroidManifest.xml:68:13-37
88            android:label="@string/title_hall_of_fame" />
88-->src\main\AndroidManifest.xml:69:13-55
89        <activity
89-->src\main\AndroidManifest.xml:71:9-75:53
90            android:name="de.badaboomi.gamesheetmanager.ui.halloffame.HallOfFameViewActivity"
90-->src\main\AndroidManifest.xml:72:13-65
91            android:exported="false"
91-->src\main\AndroidManifest.xml:73:13-37
92            android:label="@string/title_hall_of_fame_view"
92-->src\main\AndroidManifest.xml:74:13-60
93            android:screenOrientation="landscape" />
93-->src\main\AndroidManifest.xml:75:13-50
94        <activity
94-->src\main\AndroidManifest.xml:77:9-81:72
95            android:name="com.yalantis.ucrop.UCropActivity"
95-->src\main\AndroidManifest.xml:78:13-60
96            android:exported="false"
96-->src\main\AndroidManifest.xml:79:13-37
97            android:screenOrientation="portrait"
97-->src\main\AndroidManifest.xml:80:13-49
98            android:theme="@style/Theme.AppCompat.Light.NoActionBar" />
98-->src\main\AndroidManifest.xml:81:13-69
99
100        <provider
100-->INJECTED
101            android:name="androidx.core.content.FileProvider"
101-->src\main\AndroidManifest.xml:84:13-62
102            android:authorities="de.badaboomi.gamesheetmanager.fileprovider"
102-->INJECTED
103            android:exported="false"
103-->src\main\AndroidManifest.xml:86:13-37
104            android:grantUriPermissions="true" >
104-->src\main\AndroidManifest.xml:87:13-47
105            <meta-data
105-->src\main\AndroidManifest.xml:88:13-90:54
106                android:name="android.support.FILE_PROVIDER_PATHS"
106-->src\main\AndroidManifest.xml:89:17-67
107                android:resource="@xml/file_paths" />
107-->src\main\AndroidManifest.xml:90:17-51
108        </provider>
109        <provider
109-->[androidx.emoji2:emoji2:1.2.0] AndroidManifest.xml:24:9-32:20
110            android:name="androidx.startup.InitializationProvider"
110-->[androidx.emoji2:emoji2:1.2.0] AndroidManifest.xml:25:13-67
111            android:authorities="de.badaboomi.gamesheetmanager.androidx-startup"
111-->[androidx.emoji2:emoji2:1.2.0] AndroidManifest.xml:26:13-68
112            android:exported="false" >
112-->[androidx.emoji2:emoji2:1.2.0] AndroidManifest.xml:27:13-37
113            <meta-data
113-->[androidx.emoji2:emoji2:1.2.0] AndroidManifest.xml:29:13-31:52
114                android:name="androidx.emoji2.text.EmojiCompatInitializer"
114-->[androidx.emoji2:emoji2:1.2.0] AndroidManifest.xml:30:17-75
115                android:value="androidx.startup" />
115-->[androidx.emoji2:emoji2:1.2.0] AndroidManifest.xml:31:17-49
116            <meta-data
116-->[androidx.lifecycle:lifecycle-process:2.6.1] AndroidManifest.xml:29:13-31:52
117                android:name="androidx.lifecycle.ProcessLifecycleInitializer"
117-->[androidx.lifecycle:lifecycle-process:2.6.1] AndroidManifest.xml:30:17-78
118                android:value="androidx.startup" />
118-->[androidx.lifecycle:lifecycle-process:2.6.1] AndroidManifest.xml:31:17-49
119            <meta-data
119-->[androidx.profileinstaller:profileinstaller:1.3.0] AndroidManifest.xml:29:13-31:52
120                android:name="androidx.profileinstaller.ProfileInstallerInitializer"
120-->[androidx.profileinstaller:profileinstaller:1.3.0] AndroidManifest.xml:30:17-85
121                android:value="androidx.startup" />
121-->[androidx.profileinstaller:profileinstaller:1.3.0] AndroidManifest.xml:31:17-49
122        </provider>
123
124        <receiver
124-->[androidx.profileinstaller:profileinstaller:1.3.0] AndroidManifest.xml:34:9-52:20
125            android:name="androidx.profileinstaller.ProfileInstallReceiver"
125-->[androidx.profileinstaller:profileinstaller:1.3.0] AndroidManifest.xml:35:13-76
126            android:directBootAware="false"
126-->[androidx.profileinstaller:profileinstaller:1.3.0] AndroidManifest.xml:36:13-44
127            android:enabled="true"
127-->[androidx.profileinstaller:profileinstaller:1.3.0] AndroidManifest.xml:37:13-35
128            android:exported="true"
128-->[androidx.profileinstaller:profileinstaller:1.3.0] AndroidManifest.xml:38:13-36
129            android:permission="android.permission.DUMP" >
129-->[androidx.profileinstaller:profileinstaller:1.3.0] AndroidManifest.xml:39:13-57
130            <intent-filter>
130-->[androidx.profileinstaller:profileinstaller:1.3.0] AndroidManifest.xml:40:13-42:29
131                <action android:name="androidx.profileinstaller.action.INSTALL_PROFILE" />
131-->[androidx.profileinstaller:profileinstaller:1.3.0] AndroidManifest.xml:41:17-91
131-->[androidx.profileinstaller:profileinstaller:1.3.0] AndroidManifest.xml:41:25-88
132            </intent-filter>
133            <intent-filter>
133-->[androidx.profileinstaller:profileinstaller:1.3.0] AndroidManifest.xml:43:13-45:29
134                <action android:name="androidx.profileinstaller.action.SKIP_FILE" />
134-->[androidx.profileinstaller:profileinstaller:1.3.0] AndroidManifest.xml:44:17-85
134-->[androidx.profileinstaller:profileinstaller:1.3.0] AndroidManifest.xml:44:25-82
135            </intent-filter>
136            <intent-filter>
136-->[androidx.profileinstaller:profileinstaller:1.3.0] AndroidManifest.xml:46:13-48:29
137                <action android:name="androidx.profileinstaller.action.SAVE_PROFILE" />
137-->[androidx.profileinstaller:profileinstaller:1.3.0] AndroidManifest.xml:47:17-88
137-->[androidx.profileinstaller:profileinstaller:1.3.0] AndroidManifest.xml:47:25-85
138            </intent-filter>
139            <intent-filter>
139-->[androidx.profileinstaller:profileinstaller:1.3.0] AndroidManifest.xml:49:13-51:29
140                <action android:name="androidx.profileinstaller.action.BENCHMARK_OPERATION" />
140-->[androidx.profileinstaller:profileinstaller:1.3.0] AndroidManifest.xml:50:17-95
140-->[androidx.profileinstaller:profileinstaller:1.3.0] AndroidManifest.xml:50:25-92
141            </intent-filter>
142        </receiver>
143    </application>
144
145</manifest>